20% - Énfasis1
20% - Énfasis2
20% - Énfasis3
20% - Énfasis4
20% - Énfasis5
20% - Énfasis6
40% - Énfasis1
40% - Énfasis2
40% - Énfasis3
40% - Énfasis4
40% - Énfasis5
40% - Énfasis6
60% - Énfasis1
60% - Énfasis2
60% - Énfasis3
60% - Énfasis4
60% - Énfasis5
60% - Énfasis6
Buena
Cálculo
Celda de comprobación
Celda vinculada
Encabezado 4
Énfasis1
Énfasis2
Énfasis3
Énfasis4
Énfasis5
Énfasis6
Entrada
Incorrecto
Comma
Comma [0]
Currency
Currency [0]
Neutral
Normal
Notas
Percent
Salida
Texto de advertencia
Texto explicativo
Título
Título 1
Título 2
Título 3
Total
